1. Basic Syntax:

The <video> tag is used to embed video content in a web page.
Example syntax:
html
Copy code
<video src="video.mp4" controls></video>


2. Attributes:

src: Specifies the path to the video file.
controls: Adds playback controls (play, pause, volume, etc.).
width and height: Set the dimensions of the video.
autoplay: Starts playing the video automatically when the page loads.
loop: Loops the video playback.
poster: Specifies an image to display before the video is played.



3. Video Formats:

Commonly supported video formats include MP4, WebM, and Ogg.
Use the type attribute within the <source> element for compatibility.


4. Fallback Content:

Include alternative content (e.g., text or another image) within the <video> tags for browsers that don't support video.


5. Accessibility:

Add captions (<track> element) for hearing-impaired users.
Ensure keyboard navigation for controls.
Provide descriptive alt text for the video.


6. Responsive Design:

Use CSS to make the video responsive to different screen sizes.
Consider using CSS frameworks or media queries for responsive design.


7. JavaScript Interaction:

You can manipulate video playback and properties using JavaScript.
Common methods include play(), pause(), and currentTime.


8. Cross-Browser Compatibility:

Test your video across various web browsers for compatibility.
Be aware of browser-specific quirks and features.


9. Video Optimization:

Compress videos to reduce file size for faster loading.
Consider using video codecs like H.264 for broader compatibility.


10. Streaming:

For live video or large video files, consider using streaming solutions.
Streaming protocols like HLS and DASH are popular options.


11. Video Hosting:

Host your videos on a reliable server or use third-party video hosting platforms like YouTube or Vimeo.


12. Security:

Protect your videos from unauthorized access if necessary.
Use encryption and secure hosting solutions.


13. SEO Considerations:

Optimize video metadata (title, description, tags) for better search engine visibility.
Use structured data (Schema.org) to mark up video content.


14. Analytics:

Implement analytics to track video engagement and user interactions.


15. Mobile Optimization:

Ensure videos are mobile-friendly and can be played on various devices.
Use responsive design techniques for mobile compatibility.


16. Performance:

Monitor and optimize the performance of your video content for a seamless user experience.


17. Licensing and Copyright:

Ensure you have the necessary rights and permissions for the video content you use.


18. Maintenance:

Regularly check video links, update formats if needed, and fix any issues.


19. Documentation:

Maintain documentation about the video, its source, and any associated scripts or dependencies.


20. Testing:

Continuously test and debug your video implementation to ensure it works as expected.
Remember to keep this log handy as a reference for working with the <video> tag in your HTML projects.